#
# There is insufficient memory for the Java Runtime Environment to continue.
# Native memory allocation (mmap) failed to map 54525952 bytes for Failed to commit area from 0x0000000710a00000 to 0x0000000713e00000 of length 54525952.
# Possible reasons:
#   The system is out of physical RAM or swap space
#   The process is running with CompressedOops enabled, and the Java Heap may be blocking the growth of the native heap
# Possible solutions:
#   Reduce memory load on the system
#   Increase physical memory or swap space
#   Check if swap backing store is full
#   Decrease Java heap size (-Xmx/-Xms)
#   Decrease number of Java threads
#   Decrease Java thread stack sizes (-Xss)
#   Set larger code cache with -XX:ReservedCodeCacheSize=
#   JVM is running with Zero Based Compressed Oops mode in which the Java heap is
#     placed in the first 32GB address space. The Java Heap base address is the
#     maximum limit for the native heap growth. Please use -XX:HeapBaseMinAddress
#     to set the Java Heap base and to place the Java Heap above 32GB virtual address.
# This output file may be truncated or incomplete.
#
#  Out of Memory Error (./open/src/hotspot/os/windows/os_windows.cpp:3276), pid=20864, tid=25840
#
# JRE version: Java(TM) SE Runtime Environment 18.9 (11.0.13+10) (build 11.0.13+10-LTS-370)
# Java VM: Java HotSpot(TM) 64-Bit Server VM 18.9 (11.0.13+10-LTS-370, mixed mode, tiered, compressed oops, g1 gc, windows-amd64)
# No core dump will be written. Minidumps are not enabled by default on client versions of Windows
#

---------------  S U M M A R Y ------------

Command Line: -XX:TieredStopAtLevel=1 -Xverify:none -Dspring.output.ansi.enabled=always -Dcom.sun.management.jmxremote -Dspring.jmx.enabled=true -Dspring.liveBeansView.mbeanDomain -Dspring.application.admin.enabled=true -Dmanagement.endpoints.jmx.exposure.include=* -javaagent:C:\Program Files\JetBrains\IntelliJ IDEA 2022.3.1\lib\idea_rt.jar=57973:C:\Program Files\JetBrains\IntelliJ IDEA 2022.3.1\bin -Dfile.encoding=UTF-8 com.siliconcode.commonacl.CommonAclApplication

Host: Intel(R) Core(TM) i7-7700HQ CPU @ 2.80GHz, 8 cores, 15G,  Windows 10 , 64 bit Build 22000 (10.0.22000.1335)
Time: Tue Jan 31 21:56:12 2023 Hora est. Pacífico, Sudamérica elapsed time: 6.864874 seconds (0d 0h 0m 6s)

---------------  T H R E A D  ---------------

Current thread (0x000001c1c700e800):  VMThread "VM Thread" [stack: 0x000000bc4ec00000,0x000000bc4ed00000] [id=25840]

Stack: [0x000000bc4ec00000,0x000000bc4ed00000]
[error occurred during error reporting (printing stack bounds), id 0xc0000005, EXCEPTION_ACCESS_VIOLATION (0xc0000005) at pc=0x000001c1ab9b0f2d]

Native frames: (J=compiled Java code, j=interpreted, Vv=VM code, C=native code)
V  [jvm.dll+0x62870a]
V  [jvm.dll+0x761f2f]
V  [jvm.dll+0x7635d9]
V  [jvm.dll+0x763bc5]
V  [jvm.dll+0x763b7b]
V  [jvm.dll+0x627c53]
V  [jvm.dll+0x628308]
C  [ntdll.dll+0xa8b1f]
C  [ntdll.dll+0x35b9a]
C  [ntdll.dll+0xa7b2e]
C  0x000001c1ab9b0f2d

VM_Operation (0x000000bc4fef8e20): G1CollectForAllocation, mode: safepoint, requested by thread 0x000001c1c7a0d800


---------------  P R O C E S S  ---------------

Threads class SMR info:
_java_thread_list=0x000001c1c8e9cd60, length=20, elements={
0x000001c1a4395800, 0x000001c1c7011800, 0x000001c1c701d000, 0x000001c1c791e800,
0x000001c1c7921800, 0x000001c1c7924800, 0x000001c1c7927000, 0x000001c1c793a800,
0x000001c1c7a09800, 0x000001c1c7a0c000, 0x000001c1c7a0c800, 0x000001c1c7a07000,
0x000001c1c7a0d800, 0x000001c1c7a08800, 0x000001c1c7a0b000, 0x000001c1c7a0a000,
0x000001c1c7a07800, 0x000001c1c9c78800, 0x000001c1c9c7a800, 0x000001c1c9c78000
}

Java Threads: ( => current thread )
  0x000001c1a4395800 JavaThread "main" [_thread_blocked, id=10556, stack(0x000000bc4e600000,0x000000bc4e700000)]
  0x000001c1c7011800 JavaThread "Reference Handler" daemon [_thread_blocked, id=31484, stack(0x000000bc4ed00000,0x000000bc4ee00000)]
  0x000001c1c701d000 JavaThread "Finalizer" daemon [_thread_blocked, id=28928, stack(0x000000bc4ee00000,0x000000bc4ef00000)]
  0x000001c1c791e800 JavaThread "Signal Dispatcher" daemon [_thread_blocked, id=26948, stack(0x000000bc4ef00000,0x000000bc4f000000)]
  0x000001c1c7921800 JavaThread "Attach Listener" daemon [_thread_blocked, id=7600, stack(0x000000bc4f000000,0x000000bc4f100000)]
  0x000001c1c7924800 JavaThread "Service Thread" daemon [_thread_blocked, id=7000, stack(0x000000bc4f100000,0x000000bc4f200000)]
  0x000001c1c7927000 JavaThread "C1 CompilerThread0" daemon [_thread_blocked, id=19244, stack(0x000000bc4f200000,0x000000bc4f300000)]
  0x000001c1c793a800 JavaThread "Sweeper thread" daemon [_thread_blocked, id=14756, stack(0x000000bc4f300000,0x000000bc4f400000)]
  0x000001c1c7a09800 JavaThread "Common-Cleaner" daemon [_thread_blocked, id=316, stack(0x000000bc4f400000,0x000000bc4f500000)]
  0x000001c1c7a0c000 JavaThread "Monitor Ctrl-Break" daemon [_thread_in_native, id=12780, stack(0x000000bc4f500000,0x000000bc4f600000)]
  0x000001c1c7a0c800 JavaThread "RMI TCP Accept-0" daemon [_thread_in_native, id=9788, stack(0x000000bc4f600000,0x000000bc4f700000)]
  0x000001c1c7a07000 JavaThread "Thread-0" [_thread_blocked, id=28652, stack(0x000000bc4fd00000,0x000000bc4fe00000)]
  0x000001c1c7a0d800 JavaThread "restartedMain" [_thread_blocked, id=22556, stack(0x000000bc4fe00000,0x000000bc4ff00000)]
  0x000001c1c7a08800 JavaThread "RMI TCP Connection(1)-192.168.0.18" daemon [_thread_in_native, id=31836, stack(0x000000bc4ff00000,0x000000bc50000000)]
  0x000001c1c7a0b000 JavaThread "RMI Scheduler(0)" daemon [_thread_blocked, id=31776, stack(0x000000bc50100000,0x000000bc50200000)]
  0x000001c1c7a0a000 JavaThread "Catalina-utility-1" [_thread_blocked, id=16268, stack(0x000000bc50000000,0x000000bc50100000)]
  0x000001c1c7a07800 JavaThread "Catalina-utility-2" [_thread_blocked, id=32164, stack(0x000000bc50500000,0x000000bc50600000)]
  0x000001c1c9c78800 JavaThread "container-0" [_thread_blocked, id=20444, stack(0x000000bc50600000,0x000000bc50700000)]
  0x000001c1c9c7a800 JavaThread "HikariPool-1 housekeeper" daemon [_thread_blocked, id=8120, stack(0x000000bc50800000,0x000000bc50900000)]
  0x000001c1c9c78000 JavaThread "HikariPool-1 connection adder" daemon [_thread_blocked, id=8008, stack(0x000000bc50900000,0x000000bc50a00000)]

Other Threads:
=>0x000001c1c700e800 VMThread "VM Thread" [stack: 0x000000bc4ec00000,0x000000bc4ed00000] [id=25840]
  0x000001c1c833f000 WatcherThread [stack: 0x000000bc4f700000,0x000000bc4f800000] [id=31644]
  0x000001c1a43aa000 GCTaskThread "GC Thread#0" [stack: 0x000000bc4e700000,0x000000bc4e800000] [id=32000]
  0x000001c1c8447800 GCTaskThread "GC Thread#1" [stack: 0x000000bc4f800000,0x000000bc4f900000] [id=9576]
  0x000001c1c8471800 GCTaskThread "GC Thread#2" [stack: 0x000000bc4f900000,0x000000bc4fa00000] [id=27468]
  0x000001c1c8472800 GCTaskThread "GC Thread#3" [stack: 0x000000bc4fa00000,0x000000bc4fb00000] [id=30836]
  0x000001c1c8473000 GCTaskThread "GC Thread#4" [stack: 0x000000bc4fb00000,0x000000bc4fc00000] [id=1968]
  0x000001c1c8480000 GCTaskThread "GC Thread#5" [stack: 0x000000bc4fc00000,0x000000bc4fd00000] [id=3264]
  0x000001c1c92d8800 GCTaskThread "GC Thread#6" [stack: 0x000000bc50200000,0x000000bc50300000] [id=22068]
  0x000001c1c9346000 GCTaskThread "GC Thread#7" [stack: 0x000000bc50300000,0x000000bc50400000] [id=9452]
  0x000001c1a4402000 ConcurrentGCThread "G1 Main Marker" [stack: 0x000000bc4e800000,0x000000bc4e900000] [id=7500]
  0x000001c1a4405800 ConcurrentGCThread "G1 Conc#0" [stack: 0x000000bc4e900000,0x000000bc4ea00000] [id=9836]
  0x000001c1c9372800 ConcurrentGCThread "G1 Conc#1" [stack: 0x000000bc50400000,0x000000bc50500000] [id=32408]
  0x000001c1c6efa800 ConcurrentGCThread "G1 Refine#0" [stack: 0x000000bc4ea00000,0x000000bc4eb00000] [id=20808]
  0x000001c1c6efb800 ConcurrentGCThread "G1 Young RemSet Sampling" [stack: 0x000000bc4eb00000,0x000000bc4ec00000] [id=30296]

Threads with active compile tasks:

VM state:at safepoint (normal execution)

VM Mutex/Monitor currently owned by a thread:  ([mutex/lock_event])
[0x000001c1a4393290] Threads_lock - owner thread: 0x000001c1c700e800
[0x000001c1a4392e10] Heap_lock - owner thread: 0x000001c1c7a0d800

Heap address: 0x0000000700a00000, size: 4086 MB, Compressed Oops mode: Zero based, Oop shift amount: 3
Narrow klass base: 0x0000000800000000, Narrow klass shift: 0
Compressed class space size: 1073741824 Address: 0x0000000800000000

Heap:
 garbage-first heap   total 315392K, used 27254K [0x0000000700a00000, 0x0000000800000000)
  region size 1024K, 14 young (14336K), 14 survivors (14336K)
 Metaspace       used 54691K, capacity 56275K, committed 56528K, reserved 1097728K
  class space    used 7268K, capacity 7928K, committed 7936K, reserved 1048576K
Heap Regions: E=young(eden), S=young(survivor), O=old, HS=humongous(starts), HC=humongous(continues), CS=collection set, F=free, A=archive, TAMS=top-at-mark-start (previous, next)
|   0|0x0000000700a00000, 0x0000000700b00000, 0x0000000700b00000|100%|HS|  |TAMS 0x0000000700b00000, 0x0000000700a00000| Complete 
|   1|0x0000000700b00000, 0x0000000700c00000, 0x0000000700c00000|100%| O|  |TAMS 0x0000000700c00000, 0x0000000700b00000| Untracked 
|   2|0x0000000700c00000, 0x0000000700d00000, 0x0000000700d00000|100%| O|  |TAMS 0x0000000700d00000, 0x0000000700c00000| Untracked 
|   3|0x0000000700d00000, 0x0000000700e00000, 0x0000000700e00000|100%| O|  |TAMS 0x0000000700e00000, 0x0000000700d00000| Untracked 
|   4|0x0000000700e00000, 0x0000000700f00000, 0x0000000700f00000|100%| O|  |TAMS 0x0000000700f00000, 0x0000000700e00000| Untracked 
|   5|0x0000000700f00000, 0x0000000701000000, 0x0000000701000000|100%| O|  |TAMS 0x0000000701000000, 0x0000000700f00000| Untracked 
|   6|0x0000000701000000, 0x0000000701100000, 0x0000000701100000|100%| O|  |TAMS 0x0000000701100000, 0x0000000701000000| Untracked 
|   7|0x0000000701100000, 0x0000000701200000, 0x0000000701200000|100%| O|  |TAMS 0x0000000701200000, 0x0000000701100000| Untracked 
|   8|0x0000000701200000, 0x0000000701300000, 0x0000000701300000|100%| O|  |TAMS 0x0000000701271e00, 0x0000000701200000| Untracked 
|   9|0x0000000701300000, 0x0000000701300000, 0x0000000701400000|  0%| F|  |TAMS 0x0000000701300000, 0x0000000701300000| Untracked 
|  10|0x0000000701400000, 0x0000000701500000, 0x0000000701500000|100%| O|  |TAMS 0x0000000701400000, 0x0000000701400000| Untracked 
|  11|0x0000000701500000, 0x0000000701600000, 0x0000000701600000|100%| O|  |TAMS 0x0000000701500000, 0x0000000701500000| Untracked 
|  12|0x0000000701600000, 0x0000000701700000, 0x0000000701700000|100%| O|  |TAMS 0x0000000701600000, 0x0000000701600000| Untracked 
|  13|0x0000000701700000, 0x0000000701800000, 0x0000000701800000|100%| O|  |TAMS 0x0000000701700000, 0x0000000701700000| Untracked 
|  14|0x0000000701800000, 0x0000000701857c00, 0x0000000701900000| 34%| O|  |TAMS 0x0000000701800000, 0x0000000701800000| Untracked 
|  15|0x0000000701900000, 0x0000000701900000, 0x0000000701a00000|  0%| F|  |TAMS 0x0000000701900000, 0x0000000701900000| Untracked 
|  16|0x0000000701a00000, 0x0000000701a00000, 0x0000000701b00000|  0%| F|  |TAMS 0x0000000701a00000, 0x0000000701a00000| Untracked 
|  17|0x0000000701b00000, 0x0000000701b00000, 0x0000000701c00000|  0%| F|  |TAMS 0x0000000701b00000, 0x0000000701b00000| Untracked 
|  18|0x0000000701c00000, 0x0000000701c00000, 0x0000000701d00000|  0%| F|  |TAMS 0x0000000701c00000, 0x0000000701c00000| Untracked 
|  19|0x0000000701d00000, 0x0000000701d00000, 0x0000000701e00000|  0%| F|  |TAMS 0x0000000701d00000, 0x0000000701d00000| Untracked 
|  20|0x0000000701e00000, 0x0000000701e00000, 0x0000000701f00000|  0%| F|  |TAMS 0x0000000701e00000, 0x0000000701e00000| Untracked 
|  21|0x0000000701f00000, 0x0000000701f00000, 0x0000000702000000|  0%| F|  |TAMS 0x0000000701f00000, 0x0000000701f00000| Untracked 
|  22|0x0000000702000000, 0x0000000702000000, 0x0000000702100000|  0%| F|  |TAMS 0x0000000702000000, 0x0000000702000000| Untracked 
|  23|0x0000000702100000, 0x0000000702100000, 0x0000000702200000|  0%| F|  |TAMS 0x0000000702100000, 0x0000000702100000| Untracked 
|  24|0x0000000702200000, 0x0000000702200000, 0x0000000702300000|  0%| F|  |TAMS 0x0000000702200000, 0x0000000702200000| Untracked 
|  25|0x0000000702300000, 0x0000000702300000, 0x0000000702400000|  0%| F|  |TAMS 0x0000000702300000, 0x0000000702300000| Untracked 
|  26|0x0000000702400000, 0x0000000702400000, 0x0000000702500000|  0%| F|  |TAMS 0x0000000702400000, 0x0000000702400000| Untracked 
|  27|0x0000000702500000, 0x0000000702500000, 0x0000000702600000|  0%| F|  |TAMS 0x0000000702500000, 0x0000000702500000| Untracked 
|  28|0x0000000702600000, 0x0000000702600000, 0x0000000702700000|  0%| F|  |TAMS 0x0000000702600000, 0x0000000702600000| Untracked 
|  29|0x0000000702700000, 0x0000000702700000, 0x0000000702800000|  0%| F|  |TAMS 0x0000000702700000, 0x0000000702700000| Untracked 
|  30|0x0000000702800000, 0x0000000702800000, 0x0000000702900000|  0%| F|  |TAMS 0x0000000702800000, 0x0000000702800000| Untracked 
|  31|0x0000000702900000, 0x0000000702900000, 0x0000000702a00000|  0%| F|  |TAMS 0x0000000702900000, 0x0000000702900000| Untracked 
|  32|0x0000000702a00000, 0x0000000702a00000, 0x0000000702b00000|  0%| F|  |TAMS 0x0000000702a00000, 0x0000000702a00000| Untracked 
|  33|0x0000000702b00000, 0x0000000702b00000, 0x0000000702c00000|  0%| F|  |TAMS 0x0000000702b00000, 0x0000000702b00000| Untracked 
|  34|0x0000000702c00000, 0x0000000702c00000, 0x0000000702d00000|  0%| F|  |TAMS 0x0000000702c00000, 0x0000000702c00000| Untracked 
|  35|0x0000000702d00000, 0x0000000702d00000, 0x0000000702e00000|  0%| F|  |TAMS 0x0000000702d00000, 0x0000000702d00000| Untracked 
|  36|0x0000000702e00000, 0x0000000702e00000, 0x0000000702f00000|  0%| F|  |TAMS 0x0000000702e00000, 0x0000000702e00000| Untracked 
|  37|0x0000000702f00000, 0x0000000702f00000, 0x0000000703000000|  0%| F|  |TAMS 0x0000000702f00000, 0x0000000702f00000| Untracked 
|  38|0x0000000703000000, 0x0000000703000000, 0x0000000703100000|  0%| F|  |TAMS 0x0000000703000000, 0x0000000703000000| Untracked 
|  39|0x0000000703100000, 0x0000000703100000, 0x0000000703200000|  0%| F|  |TAMS 0x0000000703100000, 0x0000000703100000| Untracked 
|  40|0x0000000703200000, 0x0000000703200000, 0x0000000703300000|  0%| F|  |TAMS 0x0000000703200000, 0x0000000703200000| Untracked 
|  41|0x0000000703300000, 0x0000000703300000, 0x0000000703400000|  0%| F|  |TAMS 0x0000000703300000, 0x0000000703300000| Untracked 
|  42|0x0000000703400000, 0x0000000703400000, 0x0000000703500000|  0%| F|  |TAMS 0x0000000703400000, 0x0000000703400000| Untracked 
|  43|0x0000000703500000, 0x0000000703500000, 0x0000000703600000|  0%| F|  |TAMS 0x0000000703500000, 0x0000000703500000| Untracked 
|  44|0x0000000703600000, 0x0000000703600000, 0x0000000703700000|  0%| F|  |TAMS 0x0000000703600000, 0x0000000703600000| Untracked 
|  45|0x0000000703700000, 0x0000000703700000, 0x0000000703800000|  0%| F|  |TAMS 0x0000000703700000, 0x0000000703700000| Untracked 
|  46|0x0000000703800000, 0x0000000703800000, 0x0000000703900000|  0%| F|  |TAMS 0x0000000703800000, 0x0000000703800000| Untracked 
|  47|0x0000000703900000, 0x0000000703900000, 0x0000000703a00000|  0%| F|  |TAMS 0x0000000703900000, 0x0000000703900000| Untracked 
|  48|0x0000000703a00000, 0x0000000703a00000, 0x0000000703b00000|  0%| F|  |TAMS 0x0000000703a00000, 0x0000000703a00000| Untracked 
|  49|0x0000000703b00000, 0x0000000703b00000, 0x0000000703c00000|  0%| F|  |TAMS 0x0000000703b00000, 0x0000000703b00000| Untracked 
|  50|0x0000000703c00000, 0x0000000703c00000, 0x0000000703d00000|  0%| F|  |TAMS 0x0000000703c00000, 0x0000000703c00000| Untracked 
|  51|0x0000000703d00000, 0x0000000703d00000, 0x0000000703e00000|  0%| F|  |TAMS 0x0000000703d00000, 0x0000000703d00000| Untracked 
|  52|0x0000000703e00000, 0x0000000703e00000, 0x0000000703f00000|  0%| F|  |TAMS 0x0000000703e00000, 0x0000000703e00000| Untracked 
|  53|0x0000000703f00000, 0x0000000703f00000, 0x0000000704000000|  0%| F|  |TAMS 0x0000000703f00000, 0x0000000703f00000| Untracked 
|  54|0x0000000704000000, 0x0000000704000000, 0x0000000704100000|  0%| F|  |TAMS 0x0000000704000000, 0x0000000704000000| Untracked 
|  55|0x0000000704100000, 0x0000000704100000, 0x0000000704200000|  0%| F|  |TAMS 0x0000000704100000, 0x0000000704100000| Untracked 
|  56|0x0000000704200000, 0x0000000704200000, 0x0000000704300000|  0%| F|  |TAMS 0x0000000704200000, 0x0000000704200000| Untracked 
|  57|0x0000000704300000, 0x0000000704300000, 0x0000000704400000|  0%| F|  |TAMS 0x0000000704300000, 0x0000000704300000| Untracked 
|  58|0x0000000704400000, 0x0000000704400000, 0x0000000704500000|  0%| F|  |TAMS 0x0000000704400000, 0x0000000704400000| Untracked 
|  59|0x0000000704500000, 0x0000000704500000, 0x0000000704600000|  0%| F|  |TAMS 0x0000000704500000, 0x0000000704500000| Untracked 
|  60|0x0000000704600000, 0x0000000704600000, 0x0000000704700000|  0%| F|  |TAMS 0x0000000704600000, 0x0000000704600000| Untracked 
|  61|0x0000000704700000, 0x0000000704700000, 0x0000000704800000|  0%| F|  |TAMS 0x0000000704700000, 0x0000000704700000| Untracked 
|  62|0x0000000704800000, 0x0000000704800000, 0x0000000704900000|  0%| F|  |TAMS 0x0000000704800000, 0x0000000704800000| Untracked 
|  63|0x0000000704900000, 0x0000000704900000, 0x0000000704a00000|  0%| F|  |TAMS 0x0000000704900000, 0x0000000704900000| Untracked 
|  64|0x0000000704a00000, 0x0000000704a00000, 0x0000000704b00000|  0%| F|  |TAMS 0x0000000704a00000, 0x0000000704a00000| Untracked 
|  65|0x0000000704b00000, 0x0000000704b00000, 0x0000000704c00000|  0%| F|  |TAMS 0x0000000704b00000, 0x0000000704b00000| Untracked 
|  66|0x0000000704c00000, 0x0000000704c00000, 0x0000000704d00000|  0%| F|  |TAMS 0x0000000704c00000, 0x0000000704c00000| Untracked 
|  67|0x0000000704d00000, 0x0000000704d00000, 0x0000000704e00000|  0%| F|  |TAMS 0x0000000704d00000, 0x0000000704d00000| Untracked 
|  68|0x0000000704e00000, 0x0000000704e00000, 0x0000000704f00000|  0%| F|  |TAMS 0x0000000704e00000, 0x0000000704e00000| Untracked 
|  69|0x0000000704f00000, 0x0000000704f00000, 0x0000000705000000|  0%| F|  |TAMS 0x0000000704f00000, 0x0000000704f00000| Untracked 
|  70|0x0000000705000000, 0x0000000705000000, 0x0000000705100000|  0%| F|  |TAMS 0x0000000705000000, 0x0000000705000000| Untracked 
|  71|0x0000000705100000, 0x0000000705100000, 0x0000000705200000|  0%| F|  |TAMS 0x0000000705100000, 0x0000000705100000| Untracked 
|  72|0x0000000705200000, 0x0000000705200000, 0x0000000705300000|  0%| F|  |TAMS 0x0000000705200000, 0x0000000705200000| Untracked 
|  73|0x0000000705300000, 0x0000000705300000, 0x0000000705400000|  0%| F|  |TAMS 0x0000000705300000, 0x0000000705300000| Untracked 
|  74|0x0000000705400000, 0x0000000705400000, 0x0000000705500000|  0%| F|  |TAMS 0x0000000705400000, 0x0000000705400000| Untracked 
|  75|0x0000000705500000, 0x0000000705500000, 0x0000000705600000|  0%| F|  |TAMS 0x0000000705500000, 0x0000000705500000| Untracked 
|  76|0x0000000705600000, 0x0000000705600000, 0x0000000705700000|  0%| F|  |TAMS 0x0000000705600000, 0x0000000705600000| Untracked 
|  77|0x0000000705700000, 0x0000000705700000, 0x0000000705800000|  0%| F|  |TAMS 0x0000000705700000, 0x0000000705700000| Untracked 
|  78|0x0000000705800000, 0x0000000705800000, 0x0000000705900000|  0%| F|  |TAMS 0x0000000705800000, 0x0000000705800000| Untracked 
|  79|0x0000000705900000, 0x0000000705900000, 0x0000000705a00000|  0%| F|  |TAMS 0x0000000705900000, 0x0000000705900000| Untracked 
|  80|0x0000000705a00000, 0x0000000705a00000, 0x0000000705b00000|  0%| F|  |TAMS 0x0000000705a00000, 0x0000000705a00000| Untracked 
|  81|0x0000000705b00000, 0x0000000705b00000, 0x0000000705c00000|  0%| F|  |TAMS 0x0000000705b00000, 0x0000000705b00000| Untracked 
|  82|0x0000000705c00000, 0x0000000705c00000, 0x0000000705d00000|  0%| F|  |TAMS 0x0000000705c00000, 0x0000000705c00000| Untracked 
|  83|0x0000000705d00000, 0x0000000705d00000, 0x0000000705e00000|  0%| F|  |TAMS 0x0000000705d00000, 0x0000000705d00000| Untracked 
|  84|0x0000000705e00000, 0x0000000705e00000, 0x0000000705f00000|  0%| F|  |TAMS 0x0000000705e00000, 0x0000000705e00000| Untracked 
|  85|0x0000000705f00000, 0x0000000705f00000, 0x0000000706000000|  0%| F|  |TAMS 0x0000000705f00000, 0x0000000705f00000| Untracked 
|  86|0x0000000706000000, 0x0000000706000000, 0x0000000706100000|  0%| F|  |TAMS 0x0000000706000000, 0x0000000706000000| Untracked 
|  87|0x0000000706100000, 0x0000000706100000, 0x0000000706200000|  0%| F|  |TAMS 0x0000000706100000, 0x0000000706100000| Untracked 
|  88|0x0000000706200000, 0x0000000706200000, 0x0000000706300000|  0%| F|  |TAMS 0x0000000706200000, 0x0000000706200000| Untracked 
|  89|0x0000000706300000, 0x0000000706345ec0, 0x0000000706400000| 27%| S|CS|TAMS 0x0000000706300000, 0x0000000706300000| Complete 
|  90|0x0000000706400000, 0x0000000706400000, 0x0000000706500000|  0%| F|  |TAMS 0x0000000706400000, 0x0000000706400000| Untracked 
|  91|0x0000000706500000, 0x0000000706500000, 0x0000000706600000|  0%| F|  |TAMS 0x0000000706500000, 0x0000000706500000| Untracked 
|  92|0x0000000706600000, 0x0000000706600000, 0x0000000706700000|  0%| F|  |TAMS 0x0000000706600000, 0x0000000706600000| Untracked 
|  93|0x0000000706700000, 0x0000000706700000, 0x0000000706800000|  0%| F|  |TAMS 0x0000000706700000, 0x0000000706700000| Untracked 
|  94|0x0000000706800000, 0x0000000706800000, 0x0000000706900000|  0%| F|  |TAMS 0x0000000706800000, 0x0000000706800000| Untracked 
|  95|0x0000000706900000, 0x0000000706900000, 0x0000000706a00000|  0%| F|  |TAMS 0x0000000706900000, 0x0000000706900000| Untracked 
|  96|0x0000000706a00000, 0x0000000706a00000, 0x0000000706b00000|  0%| F|  |TAMS 0x0000000706a00000, 0x0000000706a00000| Untracked 
|  97|0x0000000706b00000, 0x0000000706b00000, 0x0000000706c00000|  0%| F|  |TAMS 0x0000000706b00000, 0x0000000706b00000| Untracked 
|  98|0x0000000706c00000, 0x0000000706c00000, 0x0000000706d00000|  0%| F|  |TAMS 0x0000000706c00000, 0x0000000706c00000| Untracked 
|  99|0x0000000706d00000, 0x0000000706d00000, 0x0000000706e00000|  0%| F|  |TAMS 0x0000000706d00000, 0x0000000706d00000| Untracked 
| 100|0x0000000706e00000, 0x0000000706e00000, 0x0000000706f00000|  0%| F|  |TAMS 0x0000000706e00000, 0x0000000706e00000| Untracked 
| 101|0x0000000706f00000, 0x0000000706f00000, 0x0000000707000000|  0%| F|  |TAMS 0x0000000706f00000, 0x0000000706f00000| Untracked 
| 102|0x0000000707000000, 0x0000000707000000, 0x0000000707100000|  0%| F|  |TAMS 0x0000000707000000, 0x0000000707000000| Untracked 
| 103|0x0000000707100000, 0x0000000707200000, 0x0000000707200000|100%| S|CS|TAMS 0x0000000707100000, 0x0000000707100000| Complete 
| 104|0x0000000707200000, 0x0000000707300000, 0x0000000707300000|100%| S|CS|TAMS 0x0000000707200000, 0x0000000707200000| Complete 
| 105|0x0000000707300000, 0x0000000707400000, 0x0000000707400000|100%| S|CS|TAMS 0x0000000707300000, 0x0000000707300000| Complete 
| 106|0x0000000707400000, 0x0000000707500000, 0x0000000707500000|100%| S|CS|TAMS 0x0000000707400000, 0x0000000707400000| Complete 
| 107|0x0000000707500000, 0x0000000707600000, 0x0000000707600000|100%| S|CS|TAMS 0x0000000707500000, 0x0000000707500000| Complete 
| 108|0x0000000707600000, 0x0000000707700000, 0x0000000707700000|100%| S|CS|TAMS 0x0000000707600000, 0x0000000707600000| Complete 
| 109|0x0000000707700000, 0x0000000707800000, 0x0000000707800000|100%| S|CS|TAMS 0x0000000707700000, 0x0000000707700000| Complete 
| 110|0x0000000707800000, 0x0000000707900000, 0x0000000707900000|100%| S|CS|TAMS 0x0000000707800000, 0x0000000707800000| Complete 
| 111|0x0000000707900000, 0x0000000707a00000, 0x0000000707a00000|100%| S|CS|TAMS 0x0000000707900000, 0x0000000707900000| Complete 
| 112|0x0000000707a00000, 0x0000000707b00000, 0x0000000707b00000|100%| S|CS|TAMS 0x0000000707a00000, 0x0000000707a00000| Complete 
| 113|0x0000000707b00000, 0x0000000707c00000, 0x0000000707c00000|100%| S|CS|TAMS 0x0000000707b00000, 0x0000000707b00000| Complete 
| 114|0x0000000707c00000, 0x0000000707d00000, 0x0000000707d00000|100%| S|CS|TAMS 0x0000000707c00000, 0x0000000707c00000| Complete 
| 115|0x0000000707d00000, 0x0000000707e00000, 0x0000000707e00000|100%| S|CS|TAMS 0x0000000707d00000, 0x0000000707d00000| Complete 
| 116|0x0000000707e00000, 0x0000000707e00000, 0x0000000707f00000|  0%| F|  |TAMS 0x0000000707e00000, 0x0000000707e00000| Untracked 
| 117|0x0000000707f00000, 0x0000000707f00000, 0x0000000708000000|  0%| F|  |TAMS 0x0000000707f00000, 0x0000000707f00000| Untracked 
| 118|0x0000000708000000, 0x0000000708000000, 0x0000000708100000|  0%| F|  |TAMS 0x0000000708000000, 0x0000000708000000| Untracked 
| 119|0x0000000708100000, 0x0000000708100000, 0x0000000708200000|  0%| F|  |TAMS 0x0000000708100000, 0x0000000708100000| Untracked 
| 120|0x0000000708200000, 0x0000000708200000, 0x0000000708300000|  0%| F|  |TAMS 0x0000000708200000, 0x0000000708200000| Untracked 
| 121|0x0000000708300000, 0x0000000708300000, 0x0000000708400000|  0%| F|  |TAMS 0x0000000708300000, 0x0000000708300000| Untracked 
| 122|0x0000000708400000, 0x0000000708400000, 0x0000000708500000|  0%| F|  |TAMS 0x0000000708400000, 0x0000000708400000| Untracked 
| 123|0x0000000708500000, 0x0000000708500000, 0x0000000708600000|  0%| F|  |TAMS 0x0000000708500000, 0x0000000708500000| Untracked 
| 124|0x0000000708600000, 0x0000000708600000, 0x0000000708700000|  0%| F|  |TAMS 0x0000000708600000, 0x0000000708600000| Untracked 
| 125|0x0000000708700000, 0x0000000708700000, 0x0000000708800000|  0%| F|  |TAMS 0x0000000708700000, 0x0000000708700000| Untracked 
| 126|0x0000000708800000, 0x0000000708800000, 0x0000000708900000|  0%| F|  |TAMS 0x0000000708800000, 0x0000000708800000| Untracked 
| 127|0x0000000708900000, 0x0000000708900000, 0x0000000708a00000|  0%| F|  |TAMS 0x0000000708900000, 0x0000000708900000| Untracked 
| 128|0x0000000708a00000, 0x0000000708a00000, 0x0000000708b00000|  0%| F|  |TAMS 0x0000000708a00000, 0x0000000708a00000| Untracked 
| 129|0x0000000708b00000, 0x0000000708b00000, 0x0000000708c00000|  0%| F|  |TAMS 0x0000000708b00000, 0x0000000708b00000| Untracked 
| 130|0x0000000708c00000, 0x0000000708c00000, 0x0000000708d00000|  0%| F|  |TAMS 0x0000000708c00000, 0x0000000708c00000| Untracked 
| 131|0x0000000708d00000, 0x0000000708d00000, 0x0000000708e00000|  0%| F|  |TAMS 0x0000000708d00000, 0x0000000708d00000| Untracked 
| 132|0x0000000708e00000, 0x0000000708e00000, 0x0000000708f00000|  0%| F|  |TAMS 0x0000000708e00000, 0x0000000708e00000| Untracked 
| 133|0x0000000708f00000, 0x0000000708f00000, 0x0000000709000000|  0%| F|  |TAMS 0x0000000708f00000, 0x0000000708f00000| Untracked 
| 134|0x0000000709000000, 0x0000000709000000, 0x0000000709100000|  0%| F|  |TAMS 0x0000000709000000, 0x0000000709000000| Untracked 
| 135|0x0000000709100000, 0x0000000709100000, 0x0000000709200000|  0%| F|  |TAMS 0x0000000709100000, 0x0000000709100000| Untracked 
| 136|0x0000000709200000, 0x0000000709200000, 0x0000000709300000|  0%| F|  |TAMS 0x0000000709200000, 0x0000000709200000| Untracked 
| 137|0x0000000709300000, 0x0000000709300000, 0x0000000709400000|  0%| F|  |TAMS 0x0000000709300000, 0x0000000709300000| Untracked 
| 138|0x0000000709400000, 0x0000000709400000, 0x0000000709500000|  0%| F|  |TAMS 0x0000000709400000, 0x0000000709400000| Untracked 
| 139|0x0000000709500000, 0x0000000709500000, 0x0000000709600000|  0%| F|  |TAMS 0x0000000709500000, 0x0000000709500000| Untracked 
| 140|0x0000000709600000, 0x0000000709600000, 0x0000000709700000|  0%| F|  |TAMS 0x0000000709600000, 0x0000000709600000| Untracked 
| 141|0x0000000709700000, 0x0000000709700000, 0x0000000709800000|  0%| F|  |TAMS 0x0000000709700000, 0x0000000709700000| Untracked 
| 142|0x0000000709800000, 0x0000000709800000, 0x0000000709900000|  0%| F|  |TAMS 0x0000000709800000, 0x0000000709800000| Untracked 
| 143|0x0000000709900000, 0x0000000709900000, 0x0000000709a00000|  0%| F|  |TAMS 0x0000000709900000, 0x0000000709900000| Untracked 
| 144|0x0000000709a00000, 0x0000000709a00000, 0x0000000709b00000|  0%| F|  |TAMS 0x0000000709a00000, 0x0000000709a00000| Untracked 
| 145|0x0000000709b00000, 0x0000000709b00000, 0x0000000709c00000|  0%| F|  |TAMS 0x0000000709b00000, 0x0000000709b00000| Untracked 
| 146|0x0000000709c00000, 0x0000000709c00000, 0x0000000709d00000|  0%| F|  |TAMS 0x0000000709c00000, 0x0000000709c00000| Untracked 
| 147|0x0000000709d00000, 0x0000000709d00000, 0x0000000709e00000|  0%| F|  |TAMS 0x0000000709d00000, 0x0000000709d00000| Untracked 
| 148|0x0000000709e00000, 0x0000000709e00000, 0x0000000709f00000|  0%| F|  |TAMS 0x0000000709e00000, 0x0000000709e00000| Untracked 
| 149|0x0000000709f00000, 0x0000000709f00000, 0x000000070a000000|  0%| F|  |TAMS 0x0000000709f00000, 0x0000000709f00000| Untracked 
| 150|0x000000070a000000, 0x000000070a000000, 0x000000070a100000|  0%| F|  |TAMS 0x000000070a000000, 0x000000070a000000| Untracked 
| 151|0x000000070a100000, 0x000000070a100000, 0x000000070a200000|  0%| F|  |TAMS 0x000000070a100000, 0x000000070a100000| Untracked 
| 152|0x000000070a200000, 0x000000070a200000, 0x000000070a300000|  0%| F|  |TAMS 0x000000070a200000, 0x000000070a200000| Untracked 
| 153|0x000000070a300000, 0x000000070a300000, 0x000000070a400000|  0%| F|  |TAMS 0x000000070a300000, 0x000000070a300000| Untracked 
| 154|0x000000070a400000, 0x000000070a400000, 0x000000070a500000|  0%| F|  |TAMS 0x000000070a400000, 0x000000070a400000| Untracked 
| 155|0x000000070a500000, 0x000000070a500000, 0x000000070a600000|  0%| F|  |TAMS 0x000000070a500000, 0x000000070a500000| Untracked 
| 156|0x000000070a600000, 0x000000070a600000, 0x000000070a700000|  0%| F|  |TAMS 0x000000070a600000, 0x000000070a600000| Untracked 
| 157|0x000000070a700000, 0x000000070a700000, 0x000000070a800000|  0%| F|  |TAMS 0x000000070a700000, 0x000000070a700000| Untracked 
| 158|0x000000070a800000, 0x000000070a800000, 0x000000070a900000|  0%| F|  |TAMS 0x000000070a800000, 0x000000070a800000| Untracked 
| 159|0x000000070a900000, 0x000000070a900000, 0x000000070aa00000|  0%| F|  |TAMS 0x000000070a900000, 0x000000070a900000| Untracked 
| 160|0x000000070aa00000, 0x000000070aa00000, 0x000000070ab00000|  0%| F|  |TAMS 0x000000070aa00000, 0x000000070aa00000| Untracked 
| 161|0x000000070ab00000, 0x000000070ab00000, 0x000000070ac00000|  0%| F|  |TAMS 0x000000070ab00000, 0x000000070ab00000| Untracked 
| 162|0x000000070ac00000, 0x000000070ac00000, 0x000000070ad00000|  0%| F|  |TAMS 0x000000070ac00000, 0x000000070ac00000| Untracked 
| 163|0x000000070ad00000, 0x000000070ad00000, 0x000000070ae00000|  0%| F|  |TAMS 0x000000070ad00000, 0x000000070ad00000| Untracked 
| 164|0x000000070ae00000, 0x000000070ae00000, 0x000000070af00000|  0%| F|  |TAMS 0x000000070ae00000, 0x000000070ae00000| Untracked 
| 165|0x000000070af00000, 0x000000070af00000, 0x000000070b000000|  0%| F|  |TAMS 0x000000070af00000, 0x000000070af00000| Untracked 
| 166|0x000000070b000000, 0x000000070b000000, 0x000000070b100000|  0%| F|  |TAMS 0x000000070b000000, 0x000000070b000000| Untracked 
| 167|0x000000070b100000, 0x000000070b100000, 0x000000070b200000|  0%| F|  |TAMS 0x000000070b100000, 0x000000070b100000| Untracked 
| 168|0x000000070b200000, 0x000000070b200000, 0x000000070b300000|  0%| F|  |TAMS 0x000000070b200000, 0x000000070b200000| Untracked 
| 169|0x000000070b300000, 0x000000070b300000, 0x000000070b400000|  0%| F|  |TAMS 0x000000070b300000, 0x000000070b300000| Untracked 
| 170|0x000000070b400000, 0x000000070b400000, 0x000000070b500000|  0%| F|  |TAMS 0x000000070b400000, 0x000000070b400000| Untracked 
| 171|0x000000070b500000, 0x000000070b500000, 0x000000070b600000|  0%| F|  |TAMS 0x000000070b500000, 0x000000070b500000| Untracked 
| 172|0x000000070b600000, 0x000000070b600000, 0x000000070b700000|  0%| F|  |TAMS 0x000000070b600000, 0x000000070b600000| Untracked 
| 173|0x000000070b700000, 0x000000070b700000, 0x000000070b800000|  0%| F|  |TAMS 0x000000070b700000, 0x000000070b700000| Untracked 
| 174|0x000000070b800000, 0x000000070b800000, 0x000000070b900000|  0%| F|  |TAMS 0x000000070b800000, 0x000000070b800000| Untracked 
| 175|0x000000070b900000, 0x000000070b900000, 0x000000070ba00000|  0%| F|  |TAMS 0x000000070b900000, 0x000000070b900000| Untracked 
| 176|0x000000070ba00000, 0x000000070ba00000, 0x000000070bb00000|  0%| F|  |TAMS 0x000000070ba00000, 0x000000070ba00000| Untracked 
| 177|0x000000070bb00000, 0x000000070bb00000, 0x000000070bc00000|  0%| F|  |TAMS 0x000000070bb00000, 0x000000070bb00000| Untracked 
| 178|0x000000070bc00000, 0x000000070bc00000, 0x000000070bd00000|  0%| F|  |TAMS 0x000000070bc00000, 0x000000070bc00000| Untracked 
| 179|0x000000070bd00000, 0x000000070bd00000, 0x000000070be00000|  0%| F|  |TAMS 0x000000070bd00000, 0x000000070bd00000| Untracked 
| 180|0x000000070be00000, 0x000000070be00000, 0x000000070bf00000|  0%| F|  |TAMS 0x000000070be00000, 0x000000070be00000| Untracked 
| 181|0x000000070bf00000, 0x000000070bf00000, 0x000000070c000000|  0%| F|  |TAMS 0x000000070bf00000, 0x000000070bf00000| Untracked 
| 182|0x000000070c000000, 0x000000070c000000, 0x000000070c100000|  0%| F|  |TAMS 0x000000070c000000, 0x000000070c000000| Untracked 
| 183|0x000000070c100000, 0x000000070c100000, 0x000000070c200000|  0%| F|  |TAMS 0x000000070c100000, 0x000000070c100000| Untracked 
| 184|0x000000070c200000, 0x000000070c200000, 0x000000070c300000|  0%| F|  |TAMS 0x000000070c200000, 0x000000070c200000| Untracked 
| 185|0x000000070c300000, 0x000000070c300000, 0x000000070c400000|  0%| F|  |TAMS 0x000000070c300000, 0x000000070c300000| Untracked 
| 186|0x000000070c400000, 0x000000070c400000, 0x000000070c500000|  0%| F|  |TAMS 0x000000070c400000, 0x000000070c400000| Untracked 
| 187|0x000000070c500000, 0x000000070c500000, 0x000000070c600000|  0%| F|  |TAMS 0x000000070c500000, 0x000000070c500000| Untracked 
| 188|0x000000070c600000, 0x000000070c600000, 0x000000070c700000|  0%| F|  |TAMS 0x000000070c600000, 0x000000070c600000| Untracked 
| 189|0x000000070c700000, 0x000000070c700000, 0x000000070c800000|  0%| F|  |TAMS 0x000000070c700000, 0x000000070c700000| Untracked 
| 190|0x000000070c800000, 0x000000070c800000, 0x000000070c900000|  0%| F|  |TAMS 0x000000070c800000, 0x000000070c800000| Untracked 
| 191|0x000000070c900000, 0x000000070c900000, 0x000000070ca00000|  0%| F|  |TAMS 0x000000070c900000, 0x000000070c900000| Untracked 
| 192|0x000000070ca00000, 0x000000070ca00000, 0x000000070cb00000|  0%| F|  |TAMS 0x000000070ca00000, 0x000000070ca00000| Untracked 
| 193|0x000000070cb00000, 0x000000070cb00000, 0x000000070cc00000|  0%| F|  |TAMS 0x000000070cb00000, 0x000000070cb00000| Untracked 
| 194|0x000000070cc00000, 0x000000070cc00000, 0x000000070cd00000|  0%| F|  |TAMS 0x000000070cc00000, 0x000000070cc00000| Untracked 
| 195|0x000000070cd00000, 0x000000070cd00000, 0x000000070ce00000|  0%| F|  |TAMS 0x000000070cd00000, 0x000000070cd00000| Untracked 
| 196|0x000000070ce00000, 0x000000070ce00000, 0x000000070cf00000|  0%| F|  |TAMS 0x000000070ce00000, 0x000000070ce00000| Untracked 
| 197|0x000000070cf00000, 0x000000070cf00000, 0x000000070d000000|  0%| F|  |TAMS 0x000000070cf00000, 0x000000070cf00000| Untracked 
| 198|0x000000070d000000, 0x000000070d000000, 0x000000070d100000|  0%| F|  |TAMS 0x000000070d000000, 0x000000070d000000| Untracked 
| 199|0x000000070d100000, 0x000000070d100000, 0x000000070d200000|  0%| F|  |TAMS 0x000000070d100000, 0x000000070d100000| Untracked 
| 200|0x000000070d200000, 0x000000070d200000, 0x000000070d300000|  0%| F|  |TAMS 0x000000070d200000, 0x000000070d200000| Untracked 
| 201|0x000000070d300000, 0x000000070d300000, 0x000000070d400000|  0%| F|  |TAMS 0x000000070d300000, 0x000000070d300000| Untracked 
| 202|0x000000070d400000, 0x000000070d400000, 0x000000070d500000|  0%| F|  |TAMS 0x000000070d400000, 0x000000070d400000| Untracked 
| 203|0x000000070d500000, 0x000000070d500000, 0x000000070d600000|  0%| F|  |TAMS 0x000000070d500000, 0x000000070d500000| Untracked 
| 204|0x000000070d600000, 0x000000070d600000, 0x000000070d700000|  0%| F|  |TAMS 0x000000070d600000, 0x000000070d600000| Untracked 
| 205|0x000000070d700000, 0x000000070d700000, 0x000000070d800000|  0%| F|  |TAMS 0x000000070d700000, 0x000000070d700000| Untracked 
| 206|0x000000070d800000, 0x000000070d800000, 0x000000070d900000|  0%| F|  |TAMS 0x000000070d800000, 0x000000070d800000| Untracked 
| 207|0x000000070d900000, 0x000000070d900000, 0x000000070da00000|  0%| F|  |TAMS 0x000000070d900000, 0x000000070d900000| Untracked 
| 208|0x000000070da00000, 0x000000070da00000, 0x000000070db00000|  0%| F|  |TAMS 0x000000070da00000, 0x000000070da00000| Untracked 
| 209|0x000000070db00000, 0x000000070db00000, 0x000000070dc00000|  0%| F|  |TAMS 0x000000070db00000, 0x000000070db00000| Untracked 
| 210|0x000000070dc00000, 0x000000070dc00000, 0x000000070dd00000|  0%| F|  |TAMS 0x000000070dc00000, 0x000000070dc00000| Untracked 
| 211|0x000000070dd00000, 0x000000070dd00000, 0x000000070de00000|  0%| F|  |TAMS 0x000000070dd00000, 0x000000070dd00000| Untracked 
| 212|0x000000070de00000, 0x000000070de00000, 0x000000070df00000|  0%| F|  |TAMS 0x000000070de00000, 0x000000070de00000| Untracked 
| 213|0x000000070df00000, 0x000000070df00000, 0x000000070e000000|  0%| F|  |TAMS 0x000000070df00000, 0x000000070df00000| Untracked 
| 214|0x000000070e000000, 0x000000070e000000, 0x000000070e100000|  0%| F|  |TAMS 0x000000070e000000, 0x000000070e000000| Untracked 
| 215|0x000000070e100000, 0x000000070e100000, 0x000000070e200000|  0%| F|  |TAMS 0x000000070e100000, 0x000000070e100000| Untracked 
| 216|0x000000070e200000, 0x000000070e200000, 0x000000070e300000|  0%| F|  |TAMS 0x000000070e200000, 0x000000070e200000| Untracked 
| 217|0x000000070e300000, 0x000000070e300000, 0x000000070e400000|  0%| F|  |TAMS 0x000000070e300000, 0x000000070e300000| Untracked 
| 218|0x000000070e400000, 0x000000070e400000, 0x000000070e500000|  0%| F|  |TAMS 0x000000070e400000, 0x000000070e400000| Untracked 
| 219|0x000000070e500000, 0x000000070e500000, 0x000000070e600000|  0%| F|  |TAMS 0x000000070e500000, 0x000000070e500000| Untracked 
| 220|0x000000070e600000, 0x000000070e600000, 0x000000070e700000|  0%| F|  |TAMS 0x000000070e600000, 0x000000070e600000| Untracked 
| 221|0x000000070e700000, 0x000000070e700000, 0x000000070e800000|  0%| F|  |TAMS 0x000000070e700000, 0x000000070e700000| Untracked 
| 222|0x000000070e800000, 0x000000070e800000, 0x000000070e900000|  0%| F|  |TAMS 0x000000070e800000, 0x000000070e800000| Untracked 
| 223|0x000000070e900000, 0x000000070e900000, 0x000000070ea00000|  0%| F|  |TAMS 0x000000070e900000, 0x000000070e900000| Untracked 
| 224|0x000000070ea00000, 0x000000070ea00000, 0x000000070eb00000|  0%| F|  |TAMS 0x000000070ea00000, 0x000000070ea00000| Untracked 
| 225|0x000000070eb00000, 0x000000070eb00000, 0x000000070ec00000|  0%| F|  |TAMS 0x000000070eb00000, 0x000000070eb00000| Untracked 
| 226|0x000000070ec00000, 0x000000070ec00000, 0x000000070ed00000|  0%| F|  |TAMS 0x000000070ec00000, 0x000000070ec00000| Untracked 
| 227|0x000000070ed00000, 0x000000070ed00000, 0x000000070ee00000|  0%| F|  |TAMS 0x000000070ed00000, 0x000000070ed00000| Untracked 
| 228|0x000000070ee00000, 0x000000070ee00000, 0x000000070ef00000|  0%| F|  |TAMS 0x000000070ee00000, 0x000000070ee00000| Untracked 
| 229|0x000000070ef00000, 0x000000070ef00000, 0x000000070f000000|  0%| F|  |TAMS 0x000000070ef00000, 0x000000070ef00000| Untracked 
| 230|0x000000070f000000, 0x000000070f000000, 0x000000070f100000|  0%| F|  |TAMS 0x000000070f000000, 0x000000070f000000| Untracked 
| 231|0x000000070f100000, 0x000000070f100000, 0x000000070f200000|  0%| F|  |TAMS 0x000000070f100000, 0x000000070f100000| Untracked 
| 232|0x000000070f200000, 0x000000070f200000, 0x000000070f300000|  0%| F|  |TAMS 0x000000070f200000, 0x000000070f200000| Untracked 
| 233|0x000000070f300000, 0x000000070f300000, 0x000000070f400000|  0%| F|  |TAMS 0x000000070f300000, 0x000000070f300000| Untracked 
| 234|0x000000070f400000, 0x000000070f400000, 0x000000070f500000|  0%| F|  |TAMS 0x000000070f400000, 0x000000070f400000| Untracked 
| 235|0x000000070f500000, 0x000000070f500000, 0x000000070f600000|  0%| F|  |TAMS 0x000000070f500000, 0x000000070f500000| Untracked 
| 236|0x000000070f600000, 0x000000070f600000, 0x000000070f700000|  0%| F|  |TAMS 0x000000070f600000, 0x000000070f600000| Untracked 
| 237|0x000000070f700000, 0x000000070f700000, 0x000000070f800000|  0%| F|  |TAMS 0x000000070f700000, 0x000000070f700000| Untracked 
| 238|0x000000070f800000, 0x000000070f800000, 0x000000070f900000|  0%| F|  |TAMS 0x000000070f800000, 0x000000070f800000| Untracked 
| 239|0x000000070f900000, 0x000000070f900000, 0x000000070fa00000|  0%| F|  |TAMS 0x000000070f900000, 0x000000070f900000| Untracked 
| 240|0x000000070fa00000, 0x000000070fa00000, 0x000000070fb00000|  0%| F|  |TAMS 0x000000070fa00000, 0x000000070fa00000| Untracked 
| 241|0x000000070fb00000, 0x000000070fb00000, 0x000000070fc00000|  0%| F|  |TAMS 0x000000070fb00000, 0x000000070fb00000| Untracked 
| 242|0x000000070fc00000, 0x000000070fc00000, 0x000000070fd00000|  0%| F|  |TAMS 0x000000070fc00000, 0x000000070fc00000| Untracked 
| 243|0x000000070fd00000, 0x000000070fd00000, 0x000000070fe00000|  0%| F|  |TAMS 0x000000070fd00000, 0x000000070fd00000| Untracked 
| 244|0x000000070fe00000, 0x000000070fe00000, 0x000000070ff00000|  0%| F|  |TAMS 0x000000070fe00000, 0x000000070fe00000| Untracked 
| 245|0x000000070ff00000, 0x000000070ff00000, 0x0000000710000000|  0%| F|  |TAMS 0x000000070ff00000, 0x000000070ff00000| Untracked 
| 246|0x0000000710000000, 0x0000000710000000, 0x0000000710100000|  0%| F|  |TAMS 0x0000000710000000, 0x0000000710000000| Untracked 
| 247|0x0000000710100000, 0x0000000710100000, 0x0000000710200000|  0%| F|  |TAMS 0x0000000710100000, 0x0000000710100000| Untracked 
| 248|0x0000000710200000, 0x0000000710200000, 0x0000000710300000|  0%| F|  |TAMS 0x0000000710200000, 0x0000000710200000| Untracked 
| 249|0x0000000710300000, 0x0000000710300000, 0x0000000710400000|  0%| F|  |TAMS 0x0000000710300000, 0x0000000710300000| Untracked 
| 250|0x0000000710400000, 0x0000000710400000, 0x0000000710500000|  0%| F|  |TAMS 0x0000000710400000, 0x0000000710400000| Untracked 
| 251|0x0000000710500000, 0x0000000710500000, 0x0000000710600000|  0%| F|  |TAMS 0x0000000710500000, 0x0000000710500000| Untracked 
| 252|0x0000000710600000, 0x0000000710600000, 0x0000000710700000|  0%| F|  |TAMS 0x0000000710600000, 0x0000000710600000| Untracked 
| 253|0x0000000710700000, 0x0000000710700000, 0x0000000710800000|  0%| F|  |TAMS 0x0000000710700000, 0x0000000710700000| Untracked 
| 254|0x0000000710800000, 0x0000000710800000, 0x0000000710900000|  0%| F|  |TAMS 0x0000000710800000, 0x0000000710800000| Untracked 
| 255|0x0000000710900000, 0x0000000710900000, 0x0000000710a00000|  0%| F|  |TAMS 0x0000000710900000, 0x0000000710900000| Untracked 

Card table byte_map: [0x000001c1bb4e0000,0x000001c1bbce0000] _byte_map_base: 0x000001c1b7cdb000

Marking Bits (Prev, Next): (CMBitMap*) 0x000001c1a43f1388, (CMBitMap*) 0x000001c1a43f13c0
 Prev Bits: [0x000001c1bc4e0000, 0x000001c1c04b8000)
 Next Bits: [0x000001c1c04c0000, 0x000001c1c4498000)

Polling page: 0x000001c1a2310000

Metaspace:

Usage:
  Non-class:     47.21 MB capacity,    46.31 MB ( 98%) used,   743.13 KB (  2%) free+waste,   180.50 KB ( <1%) overhead. 
      Class:      7.74 MB capacity,     7.10 MB ( 92%) used,   567.09 KB (  7%) free+waste,    92.69 KB (  1%) overhead. 
       Both:     54.96 MB capacity,    53.41 MB ( 97%) used,     1.28 MB (  2%) free+waste,   273.19 KB ( <1%) overhead. 

Virtual space:
  Non-class space:       48.00 MB reserved,      47.45 MB ( 99%) committed 
      Class space:        1.00 GB reserved,       7.75 MB ( <1%) committed 
             Both:        1.05 GB reserved,      55.20 MB (  5%) committed 

Chunk freelists:
   Non-Class:  6.63 KB
       Class:  1.00 KB
        Both:  7.63 KB

CodeHeap 'non-profiled nmethods': size=238336Kb used=7321Kb max_used=7321Kb free=231014Kb
 bounds [0x000001c1ac0f0000, 0x000001c1ac820000, 0x000001c1ba9b0000]
CodeHeap 'non-nmethods': size=7424Kb used=1223Kb max_used=1223Kb free=6200Kb
 bounds [0x000001c1ab9b0000, 0x000001c1abc20000, 0x000001c1ac0f0000]
 total_blobs=5200 nmethods=4625 adapters=499
 compilation: enabled
              stopped_count=0, restarted_count=0
 full_count=0

Compilation events (10 events):
Event: 6.814 Thread 0x000001c1c7927000 4621   !   1       org.springframework.beans.factory.annotation.InitDestroyAnnotationBeanPostProcessor::findLifecycleMetadata (87 bytes)
Event: 6.814 Thread 0x000001c1c7927000 nmethod 4621 0x000001c1ac814890 code [0x000001c1ac814a80, 0x000001c1ac814ea8]
Event: 6.830 Thread 0x000001c1c7927000 4622       1       sun.reflect.generics.reflectiveObjects.WildcardTypeImpl::getLowerBounds (34 bytes)
Event: 6.830 Thread 0x000001c1c7927000 nmethod 4622 0x000001c1ac815090 code [0x000001c1ac815240, 0x000001c1ac8154d8]
Event: 6.830 Thread 0x000001c1c7927000 4623       1       sun.reflect.generics.reflectiveObjects.WildcardTypeImpl::getUpperBounds (34 bytes)
Event: 6.831 Thread 0x000001c1c7927000 nmethod 4623 0x000001c1ac815590 code [0x000001c1ac815740, 0x000001c1ac8159d8]
Event: 6.832 Thread 0x000001c1c7927000 4624       1       org.springframework.core.convert.TypeDescriptor::annotationsMatch (66 bytes)
Event: 6.832 Thread 0x000001c1c7927000 nmethod 4624 0x000001c1ac815a90 code [0x000001c1ac815c60, 0x000001c1ac816048]
Event: 6.839 Thread 0x000001c1c7927000 4625       1       java.util.ArrayList::sort (45 bytes)
Event: 6.840 Thread 0x000001c1c7927000 nmethod 4625 0x000001c1ac816310 code [0x000001c1ac8164c0, 0x000001c1ac816638]

GC Heap History (10 events):
Event: 1.761 GC heap after
{Heap after GC invocations=3 (full 0):
 garbage-first heap   total 262144K, used 10189K [0x0000000700a00000, 0x0000000800000000)
  region size 1024K, 2 young (2048K), 2 survivors (2048K)
 Metaspace       used 14429K, capacity 14818K, committed 15104K, reserved 1062912K
  class space    used 1530K, capacity 1676K, committed 1792K, reserved 1048576K
}
Event: 2.623 GC heap before
{Heap before GC invocations=3 (full 0):
 garbage-first heap   total 262144K, used 65485K [0x0000000700a00000, 0x0000000800000000)
  region size 1024K, 58 young (59392K), 2 survivors (2048K)
 Metaspace       used 20526K, capacity 21205K, committed 21296K, reserved 1069056K
  class space    used 2404K, capacity 2668K, committed 2688K, reserved 1048576K
}
Event: 2.627 GC heap after
{Heap after GC invocations=4 (full 0):
 garbage-first heap   total 262144K, used 10988K [0x0000000700a00000, 0x0000000800000000)
  region size 1024K, 3 young (3072K), 3 survivors (3072K)
 Metaspace       used 20526K, capacity 21205K, committed 21296K, reserved 1069056K
  class space    used 2404K, capacity 2668K, committed 2688K, reserved 1048576K
}
Event: 3.708 GC heap before
{Heap before GC invocations=5 (full 0):
 garbage-first heap   total 262144K, used 163564K [0x0000000700a00000, 0x0000000800000000)
  region size 1024K, 153 young (156672K), 3 survivors (3072K)
 Metaspace       used 28481K, capacity 29427K, committed 29568K, reserved 1075200K
  class space    used 3570K, capacity 3968K, committed 3968K, reserved 1048576K
}
Event: 3.715 GC heap after
{Heap after GC invocations=6 (full 0):
 garbage-first heap   total 262144K, used 14607K [0x0000000700a00000, 0x0000000800000000)
  region size 1024K, 6 young (6144K), 6 survivors (6144K)
 Metaspace       used 28481K, capacity 29427K, committed 29568K, reserved 1075200K
  class space    used 3570K, capacity 3968K, committed 3968K, reserved 1048576K
}
Event: 4.704 GC heap before
{Heap before GC invocations=6 (full 0):
 garbage-first heap   total 262144K, used 98575K [0x0000000700a00000, 0x0000000800000000)
  region size 1024K, 89 young (91136K), 6 survivors (6144K)
 Metaspace       used 34658K, capacity 35933K, committed 36048K, reserved 1081344K
  class space    used 4526K, capacity 5071K, committed 5120K, reserved 1048576K
}
Event: 4.712 GC heap after
{Heap after GC invocations=7 (full 0):
 garbage-first heap   total 262144K, used 17776K [0x0000000700a00000, 0x0000000800000000)
  region size 1024K, 9 young (9216K), 9 survivors (9216K)
 Metaspace       used 34658K, capacity 35933K, committed 36048K, reserved 1081344K
  class space    used 4526K, capacity 5071K, committed 5120K, reserved 1048576K
}
Event: 5.147 GC heap before
{Heap before GC invocations=8 (full 0):
 garbage-first heap   total 262144K, used 164208K [0x0000000700a00000, 0x0000000800000000)
  region size 1024K, 153 young (156672K), 9 survivors (9216K)
 Metaspace       used 37695K, capacity 39048K, committed 39248K, reserved 1083392K
  class space    used 4836K, capacity 5405K, committed 5504K, reserved 1048576K
}
Event: 5.157 GC heap after
{Heap after GC invocations=9 (full 0):
 garbage-first heap   total 262144K, used 21951K [0x0000000700a00000, 0x0000000800000000)
  region size 1024K, 13 young (13312K), 13 survivors (13312K)
 Metaspace       used 37695K, capacity 39048K, committed 39248K, reserved 1083392K
  class space    used 4836K, capacity 5405K, committed 5504K, reserved 1048576K
}
Event: 6.847 GC heap before
{Heap before GC invocations=9 (full 0):
 garbage-first heap   total 262144K, used 165311K [0x0000000700a00000, 0x0000000800000000)
  region size 1024K, 153 young (156672K), 13 survivors (13312K)
 Metaspace       used 54691K, capacity 56275K, committed 56528K, reserved 1097728K
  class space    used 7268K, capacity 7928K, committed 7936K, reserved 1048576K
}

Deoptimization events (0 events):
No events

Classes redefined (0 events):
No events

Internal exceptions (10 events):
Event: 6.758 Thread 0x000001c1c7a0d800 Exception <a 'java/lang/ClassNotFoundException'{0x000000070841a730}: org/springframework/beans/factory/BeanFactoryAwareCustomizer> (0x000000070841a730) thrown at [./open/src/hotspot/share/classfile/systemDictionary.cpp, line 227]
Event: 6.759 Thread 0x000001c1c7a0d800 Exception <a 'java/lang/ClassNotFoundException'{0x00000007084362f0}: org/springframework/beans/factory/AwareCustomizer> (0x00000007084362f0) thrown at [./open/src/hotspot/share/classfile/systemDictionary.cpp, line 227]
Event: 6.759 Thread 0x000001c1c7a0d800 Exception <a 'java/lang/ClassNotFoundException'{0x00000007084553f8}: org/springframework/context/ApplicationEventPublisherAwareCustomizer> (0x00000007084553f8) thrown at [./open/src/hotspot/share/classfile/systemDictionary.cpp, line 227]
Event: 6.760 Thread 0x000001c1c7a0d800 Exception <a 'java/lang/ClassNotFoundException'{0x0000000708471210}: org/springframework/beans/factory/AwareCustomizer> (0x0000000708471210) thrown at [./open/src/hotspot/share/classfile/systemDictionary.cpp, line 227]
Event: 6.766 Thread 0x000001c1c7a0d800 Exception <a 'java/lang/ClassNotFoundException'{0x00000007084a6cb0}: java/lang/ObjectCustomizer> (0x00000007084a6cb0) thrown at [./open/src/hotspot/share/classfile/systemDictionary.cpp, line 227]
Event: 6.766 Thread 0x000001c1c7a0d800 Exception <a 'java/lang/ClassNotFoundException'{0x00000007084c96f8}: org/springframework/core/io/support/PropertiesLoaderSupportCustomizer> (0x00000007084c96f8) thrown at [./open/src/hotspot/share/classfile/systemDictionary.cpp, line 227]
Event: 6.768 Thread 0x000001c1c7a0d800 Exception <a 'java/lang/ClassNotFoundException'{0x00000007084f20d0}: org/springframework/beans/factory/config/PropertiesFactoryBeanCustomizer> (0x00000007084f20d0) thrown at [./open/src/hotspot/share/classfile/systemDictionary.cpp, line 227]
Event: 6.769 Thread 0x000001c1c7a0d800 Exception <a 'java/lang/ClassNotFoundException'{0x000000070831f4d8}: org/springframework/beans/factory/FactoryBeanCustomizer> (0x000000070831f4d8) thrown at [./open/src/hotspot/share/classfile/systemDictionary.cpp, line 227]
Event: 6.770 Thread 0x000001c1c7a0d800 Exception <a 'java/lang/ClassNotFoundException'{0x000000070833f658}: org/springframework/beans/factory/InitializingBeanCustomizer> (0x000000070833f658) thrown at [./open/src/hotspot/share/classfile/systemDictionary.cpp, line 227]
Event: 6.840 Thread 0x000001c1c7a0d800 Exception <a 'java/lang/IncompatibleClassChangeError'{0x0000000707e7a548}: Found class java.lang.Object, but interface was expected> (0x0000000707e7a548) thrown at [./open/src/hotspot/share/interpreter/linkResolver.cpp, line 838]

Events (10 events):
Event: 6.846 loading class org/springframework/data/repository/core/support/QueryCreationListener done
Event: 6.847 loading class org/springframework/data/projection/ProjectionFactory
Event: 6.847 loading class org/springframework/data/projection/ProjectionFactory done
Event: 6.847 loading class org/springframework/data/projection/ProjectionFactory
Event: 6.847 loading class org/springframework/data/projection/ProjectionFactory done
Event: 6.847 loading class org/springframework/data/repository/core/support/RepositoryFactorySupport
Event: 6.847 loading class org/springframework/data/repository/core/support/RepositoryFactorySupport done
Event: 6.847 loading class org/hibernate/internal/SessionImpl
Event: 6.847 loading class org/hibernate/internal/SessionImpl done
Event: 6.847 Executing VM operation: G1CollectForAllocation


Dynamic libraries:
0x00007ff7e6550000 - 0x00007ff7e655f000 	C:\Program Files\Java\jdk-11.0.13\bin\java.exe
0x00007ff9152a0000 - 0x00007ff9154a9000 	C:\Windows\SYSTEM32\ntdll.dll
0x00007ff914090000 - 0x00007ff91414e000 	C:\Windows\System32\KERNEL32.DLL
0x00007ff912950000 - 0x00007ff912ccb000 	C:\Windows\System32\KERNELBASE.dll
0x00007ff912cd0000 - 0x00007ff912de1000 	C:\Windows\System32\ucrtbase.dll
0x00007ff90e080000 - 0x00007ff90e095000 	C:\Program Files\Java\jdk-11.0.13\bin\VCRUNTIME140.dll
0x00007ff8da200000 - 0x00007ff8da218000 	C:\Program Files\Java\jdk-11.0.13\bin\jli.dll
0x00007ff914ee0000 - 0x00007ff914f8e000 	C:\Windows\System32\ADVAPI32.dll
0x00007ff915030000 - 0x00007ff9150d3000 	C:\Windows\System32\msvcrt.dll
0x00007ff9150e0000 - 0x00007ff91517e000 	C:\Windows\System32\sechost.dll
0x00007ff9149c0000 - 0x00007ff914ae0000 	C:\Windows\System32\RPCRT4.dll
0x00007ff905280000 - 0x00007ff905525000 	C:\Windows\WinSxS\amd64_microsoft.windows.common-controls_6595b64144ccf1df_6.0.22000.120_none_9d947278b86cc467\COMCTL32.dll
0x00007ff914af0000 - 0x00007ff914c9d000 	C:\Windows\System32\USER32.dll
0x00007ff913120000 - 0x00007ff913149000 	C:\Windows\System32\GDI32.dll
0x00007ff912f60000 - 0x00007ff912f86000 	C:\Windows\System32\win32u.dll
0x00007ff913000000 - 0x00007ff913118000 	C:\Windows\System32\gdi32full.dll
0x00007ff912830000 - 0x00007ff9128cd000 	C:\Windows\System32\msvcp_win.dll
0x00007ff90a240000 - 0x00007ff90a24a000 	C:\Windows\SYSTEM32\VERSION.dll
0x00007ff914d60000 - 0x00007ff914d92000 	C:\Windows\System32\IMM32.DLL
0x00007ff901640000 - 0x00007ff9016db000 	C:\Program Files\Java\jdk-11.0.13\bin\msvcp140.dll
0x00007ff8db5f0000 - 0x00007ff8dc103000 	C:\Program Files\Java\jdk-11.0.13\bin\server\jvm.dll
0x00007ff914420000 - 0x00007ff914428000 	C:\Windows\System32\PSAPI.DLL
0x00007ff8f5140000 - 0x00007ff8f5149000 	C:\Windows\SYSTEM32\WSOCK32.dll
0x00007ff90c830000 - 0x00007ff90c863000 	C:\Windows\SYSTEM32\WINMM.dll
0x00007ff913db0000 - 0x00007ff913e1f000 	C:\Windows\System32\WS2_32.dll
0x00007ff9118a0000 - 0x00007ff9118b8000 	C:\Windows\SYSTEM32\kernel.appcore.dll
0x00007ff90efb0000 - 0x00007ff90efc0000 	C:\Program Files\Java\jdk-11.0.13\bin\verify.dll
0x00007ff8f8cb0000 - 0x00007ff8f8ed1000 	C:\Windows\SYSTEM32\DBGHELP.DLL
0x00007ff8f8910000 - 0x00007ff8f8941000 	C:\Windows\SYSTEM32\dbgcore.DLL
0x00007ff9128d0000 - 0x00007ff91294f000 	C:\Windows\System32\bcryptPrimitives.dll
0x00007ff9050a0000 - 0x00007ff9050c8000 	C:\Program Files\Java\jdk-11.0.13\bin\java.dll
0x00007ff90c8f0000 - 0x00007ff90c8fa000 	C:\Program Files\Java\jdk-11.0.13\bin\jimage.dll
0x00007ff9015b0000 - 0x00007ff9015be000 	C:\Program Files\Java\jdk-11.0.13\bin\instrument.dll
0x00007ff9049f0000 - 0x00007ff904a06000 	C:\Program Files\Java\jdk-11.0.13\bin\zip.dll
0x00007ff9135f0000 - 0x00007ff913da7000 	C:\Windows\System32\SHELL32.dll
0x00007ff910830000 - 0x00007ff911095000 	C:\Windows\SYSTEM32\windows.storage.dll
0x00007ff913150000 - 0x00007ff9134c8000 	C:\Windows\System32\combase.dll
0x00007ff9106c0000 - 0x00007ff910826000 	C:\Windows\SYSTEM32\wintypes.dll
0x00007ff914330000 - 0x00007ff91441a000 	C:\Windows\System32\SHCORE.dll
0x00007ff914e20000 - 0x00007ff914e7d000 	C:\Windows\System32\shlwapi.dll
0x00007ff9126a0000 - 0x00007ff9126c1000 	C:\Windows\SYSTEM32\profapi.dll
0x00007ff904330000 - 0x00007ff904349000 	C:\Program Files\Java\jdk-11.0.13\bin\net.dll
0x00007ff90c470000 - 0x00007ff90c584000 	C:\Windows\SYSTEM32\WINHTTP.dll
0x00007ff911d30000 - 0x00007ff911d97000 	C:\Windows\system32\mswsock.dll
0x00007ff904310000 - 0x00007ff904322000 	C:\Program Files\Java\jdk-11.0.13\bin\nio.dll
0x00007ff901590000 - 0x00007ff9015aa000 	C:\Program Files\JetBrains\IntelliJ IDEA 2022.3.1\bin\breakgen64.dll
0x00007ff911400000 - 0x00007ff9114e8000 	C:\Windows\SYSTEM32\DNSAPI.dll
0x00007ff9113d0000 - 0x00007ff9113fd000 	C:\Windows\SYSTEM32\IPHLPAPI.DLL
0x00007ff914430000 - 0x00007ff914439000 	C:\Windows\System32\NSI.dll
0x00007ff909c70000 - 0x00007ff909c7a000 	C:\Windows\System32\rasadhlp.dll
0x00007ff90ae30000 - 0x00007ff90aeb1000 	C:\Windows\System32\fwpuclnt.dll
0x00007ff901620000 - 0x00007ff901629000 	C:\Program Files\Java\jdk-11.0.13\bin\management.dll
0x00007ff9015f0000 - 0x00007ff9015fb000 	C:\Program Files\Java\jdk-11.0.13\bin\management_ext.dll
0x00007ff911f50000 - 0x00007ff911f68000 	C:\Windows\SYSTEM32\CRYPTSP.dll
0x00007ff911800000 - 0x00007ff911835000 	C:\Windows\system32\rsaenh.dll
0x00007ff911e00000 - 0x00007ff911e29000 	C:\Windows\SYSTEM32\USERENV.dll
0x00007ff912150000 - 0x00007ff912177000 	C:\Windows\SYSTEM32\bcrypt.dll
0x00007ff911f70000 - 0x00007ff911f7c000 	C:\Windows\SYSTEM32\CRYPTBASE.dll
0x00007ff90c7b0000 - 0x00007ff90c7c9000 	C:\Windows\SYSTEM32\dhcpcsvc6.DLL
0x00007ff90cbc0000 - 0x00007ff90cbde000 	C:\Windows\SYSTEM32\dhcpcsvc.DLL
0x00007ff90d3e0000 - 0x00007ff90d3f7000 	C:\Windows\system32\napinsp.dll
0x00007ff8ff860000 - 0x00007ff8ff87b000 	C:\Windows\system32\pnrpnsp.dll
0x00007ff8ff320000 - 0x00007ff8ff332000 	C:\Windows\System32\winrnr.dll
0x00007ff90b9a0000 - 0x00007ff90b9b5000 	C:\Windows\system32\wshbth.dll
0x00007ff90e640000 - 0x00007ff90e65f000 	C:\Windows\system32\nlansp_c.dll
0x00007ff8eea30000 - 0x00007ff8eea55000 	C:\Program Files\Java\jdk-11.0.13\bin\sunec.dll
0x00007ff8fc600000 - 0x00007ff8fc60d000 	C:\Program Files\Java\jdk-11.0.13\bin\sunmscapi.dll
0x00007ff912df0000 - 0x00007ff912f52000 	C:\Windows\System32\CRYPT32.dll
0x00007ff912120000 - 0x00007ff912148000 	C:\Windows\SYSTEM32\ncrypt.dll
0x00007ff9120e0000 - 0x00007ff912117000 	C:\Windows\SYSTEM32\NTASN1.dll

dbghelp: loaded successfully - version: 4.0.5 - missing functions: none
symbol engine: initialized successfully - sym options: 0x614 - pdb path: .;C:\Program Files\Java\jdk-11.0.13\bin;C:\Windows\SYSTEM32;C:\Windows\WinSxS\amd64_microsoft.windows.common-controls_6595b64144ccf1df_6.0.22000.120_none_9d947278b86cc467;C:\Program Files\Java\jdk-11.0.13\bin\server;C:\Program Files\JetBrains\IntelliJ IDEA 2022.3.1\bin

VM Arguments:
jvm_args: -XX:TieredStopAtLevel=1 -Xverify:none -Dspring.output.ansi.enabled=always -Dcom.sun.management.jmxremote -Dspring.jmx.enabled=true -Dspring.liveBeansView.mbeanDomain -Dspring.application.admin.enabled=true -Dmanagement.endpoints.jmx.exposure.include=* -javaagent:C:\Program Files\JetBrains\IntelliJ IDEA 2022.3.1\lib\idea_rt.jar=57973:C:\Program Files\JetBrains\IntelliJ IDEA 2022.3.1\bin -Dfile.encoding=UTF-8 
java_command: com.siliconcode.commonacl.CommonAclApplication
java_class_path (initial): C:\SiliconCode\SiliconDev\common-acl\target\classes;C:\Users\feyin\.m2\repository\org\springframework\boot\spring-boot-starter-data-jdbc\2.7.8\spring-boot-starter-data-jdbc-2.7.8.jar;C:\Users\feyin\.m2\repository\org\springframework\boot\spring-boot-starter-jdbc\2.7.8\spring-boot-starter-jdbc-2.7.8.jar;C:\Users\feyin\.m2\repository\com\zaxxer\HikariCP\4.0.3\HikariCP-4.0.3.jar;C:\Users\feyin\.m2\repository\org\springframework\spring-jdbc\5.3.25\spring-jdbc-5.3.25.jar;C:\Users\feyin\.m2\repository\org\springframework\data\spring-data-jdbc\2.4.7\spring-data-jdbc-2.4.7.jar;C:\Users\feyin\.m2\repository\org\springframework\data\spring-data-relational\2.4.7\spring-data-relational-2.4.7.jar;C:\Users\feyin\.m2\repository\org\springframework\data\spring-data-commons\2.7.7\spring-data-commons-2.7.7.jar;C:\Users\feyin\.m2\repository\org\springframework\spring-tx\5.3.25\spring-tx-5.3.25.jar;C:\Users\feyin\.m2\repository\org\slf4j\slf4j-api\1.7.36\slf4j-api-1.7.36.jar;C:\Users\feyin\.m2\repository\org\springframework\boot\spring-boot-starter-data-jpa\2.7.8\spring-boot-starter-data-jpa-2.7.8.jar;C:\Users\feyin\.m2\repository\org\springframework\boot\spring-boot-starter-aop\2.7.8\spring-boot-starter-aop-2.7.8.jar;C:\Users\feyin\.m2\repository\org\aspectj\aspectjweaver\1.9.7\aspectjweaver-1.9.7.jar;C:\Users\feyin\.m2\repository\jakarta\transaction\jakarta.transaction-api\1.3.3\jakarta.transaction-api-1.3.3.jar;C:\Users\feyin\.m2\repository\jakarta\persistence\jakarta.persistence-api\2.2.3\jakarta.persistence-api-2.2.3.jar;C:\Users\feyin\.m2\repository\org\hibernate\hibernate-core\5.6.14.Final\hibernate-core-5.6.14.Final.jar;C:\Users\feyin\.m2\repository\org\jboss\logging\jboss-logging\3.4.3.Final\jboss-logging-3.4.3.Final.jar;C:\Users\feyin\.m2\repository\net\bytebuddy\byte-buddy\1.12.22\byte-buddy-1.12.22.jar;C:\Users\feyin\.m2\repository\antlr\antlr\2.7.7\antlr-2.7.7.jar;C:\Users\feyin\.m2\repository\org\jboss\jandex\2.4.2.Final\jandex-2.4.2.Final.jar
Launcher Type: SUN_STANDARD

[Global flags]
     bool BytecodeVerificationLocal                = false                                     {product} {command line}
     bool BytecodeVerificationRemote               = false                                     {product} {command line}
     intx CICompilerCount                          = 4                                         {product} {ergonomic}
     uint ConcGCThreads                            = 2                                         {product} {ergonomic}
     uint G1ConcRefinementThreads                  = 8                                         {product} {ergonomic}
   size_t G1HeapRegionSize                         = 1048576                                   {product} {ergonomic}
    uintx GCDrainStackTargetSize                   = 64                                        {product} {ergonomic}
   size_t InitialHeapSize                          = 268435456                                 {product} {ergonomic}
     bool ManagementServer                         = true                                      {product} {command line}
   size_t MarkStackSize                            = 4194304                                   {product} {ergonomic}
   size_t MaxHeapSize                              = 4284481536                                {product} {ergonomic}
   size_t MaxNewSize                               = 2570059776                                {product} {ergonomic}
   size_t MinHeapDeltaBytes                        = 1048576                                   {product} {ergonomic}
    uintx NonNMethodCodeHeapSize                   = 7549744                                {pd product} {ergonomic}
    uintx NonProfiledCodeHeapSize                  = 244108496                              {pd product} {ergonomic}
    uintx ProfiledCodeHeapSize                     = 0                                      {pd product} {ergonomic}
    uintx ReservedCodeCacheSize                    = 251658240                              {pd product} {ergonomic}
     bool SegmentedCodeCache                       = true                                      {product} {ergonomic}
     intx TieredStopAtLevel                        = 1                                         {product} {command line}
     bool UseCompressedClassPointers               = true                                 {lp64_product} {ergonomic}
     bool UseCompressedOops                        = true                                 {lp64_product} {ergonomic}
     bool UseG1GC                                  = true                                      {product} {ergonomic}
     bool UseLargePagesIndividualAllocation        = false                                  {pd product} {ergonomic}

Logging:
Log output configuration:
 #0: stdout all=warning uptime,level,tags
 #1: stderr all=off uptime,level,tags

Environment Variables:
JAVA_HOME=C:\Program Files\Java\jdk-11.0.13
PATH=C:\Program Files\Eclipse Adoptium\jdk-11.0.17.8-hotspot\bin;C:\Program Files\Common Files\Oracle\Java\javapath;C:\Windows\system32;C:\Windows;C:\Windows\System32\Wbem;C:\Windows\System32\WindowsPowerShell\v1.0\;C:\Windows\System32\OpenSSH\;C:\Program Files\Git\cmd;C:\Program Files\nodejs\;C:\Program Files\Docker\Docker\resources\bin;C:\ProgramData\DockerDesktop\version-bin;C:\Program Files\Java\jdk-11.0.13\bin;C:\Users\feyin\AppData\Roaming\npm;C:\Program Files\Meld\;C:\Users\feyin\AppData\Local\Microsoft\WindowsApps;C:\Users\feyin\AppData\Roaming\npm;C:\Program Files\Java\jdk-11.0.13\bin;C:\Users\feyin\AppData\Local\Programs\Microsoft VS Code\bin;C:\Users\feyin\AppData\Roaming\npm;;C:\Program Files (x86)\SSH Communications Security\SSH Secure Shell;C:\Program Files\JetBrains\IntelliJ IDEA 2022.3.1\bin;
USERNAME=feyin
OS=Windows_NT
PROCESSOR_IDENTIFIER=Intel64 Family 6 Model 158 Stepping 9, GenuineIntel



---------------  S Y S T E M  ---------------

OS: Windows 10 , 64 bit Build 22000 (10.0.22000.1335)
Hyper-V role detected

CPU:total 8 (initial active 8) (4 cores per cpu, 2 threads per core) family 6 model 158 stepping 9 microcode 0xde, cmov, cx8, fxsr, mmx, sse, sse2, sse3, ssse3, sse4.1, sse4.2, popcnt, avx, avx2, aes, clmul, erms, 3dnowpref, lzcnt, ht, tsc, tscinvbit, bmi1, bmi2, adx, fma

Memory: 4k page, system-wide physical 16340M (1763M free)
TotalPageFile size 31060M (AvailPageFile size 16M)
current process WorkingSet (physical memory assigned to process): 304M, peak: 304M
current process commit charge ("private bytes"): 425M, peak: 477M

vm_info: Java HotSpot(TM) 64-Bit Server VM (11.0.13+10-LTS-370) for windows-amd64 JRE (11.0.13+10-LTS-370), built on Sep 15 2021 22:10:36 by "mach5one" with MS VC++ 15.9 (VS2017)

END.
